\BOOKMARK [-1][]{part.1}{\376\377\173\054\116\000\220\350\122\006\000\040\116\146\147\054\211\343\213\373}{}% 1
\BOOKMARK [0][]{chapter.1}{\376\377\173\054\116\000\172\340\000\040\000K\000l\000e\000i\000n\000-\000G\000o\000r\000d\000e\000n\000\040\000F\000i\000e\000l\000d}{part.1}% 2
\BOOKMARK [1][]{section.1.1}{\376\377\0001\000.\0001\000\040\116\316\221\317\133\120\122\233\133\146\122\060\221\317\133\120\127\072\213\272}{chapter.1}% 3
\BOOKMARK [2][]{subsection.1.1.1}{\376\377\0001\000.\0001\000.\0001\000\040\143\057\136\105\213\241\173\227}{section.1.1}% 4
\BOOKMARK [1][]{section.1.2}{\376\377\0001\000.\0002\000\040\176\317\121\170\127\072\213\272}{chapter.1}% 5
\BOOKMARK [2][]{subsection.1.2.1}{\376\377\0001\000.\0002\000.\0001\000\040\000L\000a\000g\000r\000a\000n\000g\000i\000a\000n\000\040\000F\000i\000e\000l\000d\000\040\000T\000h\000e\000o\000r\000y}{section.1.2}% 6
\BOOKMARK [2][]{subsection.1.2.2}{\376\377\0001\000.\0002\000.\0002\000\040\000H\000a\000m\000i\000t\000o\000n\000i\000a\000n\000\040\000F\000i\000e\000l\000d\000\040\000T\000h\000e\000o\000r\000y}{section.1.2}% 7
\BOOKMARK [2][]{subsection.1.2.3}{\376\377\0001\000.\0002\000.\0003\000\040\000N\000o\000e\000t\000h\000e\000r\000'\000s\000\040\000T\000h\000e\000o\000r\000y}{section.1.2}% 8
\BOOKMARK [1][]{section.1.3}{\376\377\0001\000.\0003\000\040\214\020\143\057\133\120\211\306\211\322\116\013\166\204\000K\000-\000G\127\072}{chapter.1}% 9
\BOOKMARK [1][]{section.1.4}{\376\377\0001\000.\0004\000\040\126\333\176\364\145\366\172\172\116\055\166\204\000K\000-\000G\127\072\164\006\213\272}{chapter.1}% 10
\BOOKMARK [2][]{subsection.1.4.1}{\376\377\0001\000.\0004\000.\0001\000\040\000K\000-\000G\127\072\166\204\221\317\133\120\123\026}{section.1.4}% 11
\BOOKMARK [1][]{section.1.5}{\376\377\0001\000.\0005\000\040\134\017\176\323}{chapter.1}% 12
\BOOKMARK [-1][]{part.2}{\376\377\173\054\116\214\220\350\122\006\000\040\213\376\130\002\173\024\213\260}{}% 13
\BOOKMARK [0][]{chapter.2}{\376\377\173\054\116\214\172\340\000\040\000S\000p\000i\000n\000-\0000\000\040\000Q\000u\000a\000n\000t\000u\000m\000\040\000F\000i\000e\000l\000d}{part.2}% 14
\BOOKMARK [1][]{section.2.1}{\376\377\0002\000.\0001\000\040\000K\000l\000e\000i\000n\000-\000G\000o\000r\000d\000e\000n\000\040\000F\000i\000e\000l\000d}{chapter.2}% 15
\BOOKMARK [2][]{subsection.2.1.1}{\376\377\0002\000.\0001\000.\0001\000\040\143\057\136\105\213\241\173\227}{section.2.1}% 16
\BOOKMARK [0][]{chapter.3}{\376\377\173\054\116\011\172\340\000\040\000A\000c\000t\000i\000o\000n\000\040\000p\000r\000i\000n\000c\000i\000p\000l\000e\000\040\000\050\000p\000r\000i\000n\000c\000i\000p\000l\000e\000\040\000o\000f\000\040\000l\000e\000a\000s\000t\000\040\000a\000c\000t\000i\000o\000n\000\051}{part.2}% 17
\BOOKMARK [1][]{section.3.1}{\376\377\0003\000.\0001\000\040\000H\000o\000w\000\040\000t\000o\000\040\000i\000m\000p\000l\000e\000m\000e\000n\000t\000\040\000t\000h\000e\000\040\000p\000r\000i\000n\000c\000i\000p\000l\000e\000\040\000o\000f\000\040\000l\000e\000a\000s\000t\000\040\000a\000c\000t\000i\000o\000n\000\040\000\050\000o\000r\000\040\000v\000a\000r\000i\000a\000t\000i\000o\000n\000a\000l\000\040\000p\000r\000i\000n\000c\000i\000p\000l\000e\000\051}{chapter.3}% 18
\BOOKMARK [2][]{subsection.3.1.1}{\376\377\0003\000.\0001\000.\0001\000\040\000E\000u\000l\000e\000r\000'\000s\000\040\000a\000p\000p\000r\000o\000a\000c\000h\000\050\000d\000i\000r\000e\000c\000t\000\040\000m\000e\000t\000h\000o\000d\000\051}{section.3.1}% 19
\BOOKMARK [2][]{subsection.3.1.2}{\376\377\0003\000.\0001\000.\0002\000\040\000L\000a\000g\000r\000a\000n\000g\000e\000'\000s\000\040\000m\000e\000t\000h\000o\000d}{section.3.1}% 20
\BOOKMARK [2][]{subsection.3.1.3}{\376\377\0003\000.\0001\000.\0003\000\040\000e\000x\000a\000m\000p\000l\000e\000s}{section.3.1}% 21
